<?xml version="1.0" encoding="UTF-8"?>
<!-- Generated by org.testng.reporters.JUnitReportReporter -->
<testsuite hostname="irinas-mbp.lan" failures="0" tests="1" name="SumValidation" time="1.227" errors="0" timestamp="2022-11-17T22:22:09 GMT" skipped="0">
  <testcase classname="SumValidation" name="sumOfCourses" time="1.227"/>
  <system-out/>
</testsuite> <!-- SumValidation -->
